<?xml version="1.0" encoding="UTF-8"?>
<!-- Generated by org.testng.reporters.JUnitReportReporter -->
<testsuite skipped="0" hostname="LAPTOP-T9271K1D" name="com.hAIbooks.qa.TestPages.TestRegBusinessAdvisor" tests="13" failures="1" timestamp="24 May 2019 08:51:37 GMT" time="58.999" errors="0">
  <testcase name="canClickTryFree" time="1.121" classname="com.hAIbooks.qa.TestPages.TestRegBusinessAdvisor"/>
  <testcase name="canClickBusinessAdvisiorIcon" time="0.136" classname="com.hAIbooks.qa.TestPages.TestRegBusinessAdvisor"/>
  <testcase name="canClickNestButton" time="0.136" classname="com.hAIbooks.qa.TestPages.TestRegBusinessAdvisor"/>
  <testcase name="canGetFristNameAndLastName" time="0.444" classname="com.hAIbooks.qa.TestPages.TestRegBusinessAdvisor"/>
  <testcase name="canGetEmailAndPhone" time="0.335" classname="com.hAIbooks.qa.TestPages.TestRegBusinessAdvisor"/>
  <testcase name="canSetPassword" time="0.224" classname="com.hAIbooks.qa.TestPages.TestRegBusinessAdvisor"/>
  <testcase name="tickCheckbox" time="5.067" classname="com.hAIbooks.qa.TestPages.TestRegBusinessAdvisor"/>
  <testcase name="canSubmitForm" time="5.855" classname="com.hAIbooks.qa.TestPages.TestRegBusinessAdvisor"/>
  <testcase name="emailVerificationPage" time="5.365" classname="com.hAIbooks.qa.TestPages.TestRegBusinessAdvisor"/>
  <testcase name="openNewTab" time="26.446" classname="com.hAIbooks.qa.TestPages.TestRegBusinessAdvisor"/>
  <testcase name="loginhAIbooks" time="3.773" classname="com.hAIbooks.qa.TestPages.TestRegBusinessAdvisor"/>
  <testcase name="canVerifyuserLogin" time="5.034" classname="com.hAIbooks.qa.TestPages.TestRegBusinessAdvisor">
    <failure type="java.lang.AssertionError" message="Actual and Expected outputs did not matched expected [Hello, Alex] but found [Hello, Alan]">
      <![CDATA[java.lang.AssertionError: Actual and Expected outputs did not matched expected [Hello, Alex] but found [Hello, Alan]
at org.testng.Assert.fail(Assert.java:96)
at org.testng.Assert.failNotEquals(Assert.java:776)
at org.testng.Assert.assertEqualsImpl(Assert.java:137)
at org.testng.Assert.assertEquals(Assert.java:118)
at org.testng.Assert.assertEquals(Assert.java:453)
at com.hAIbooks.qa.TestPages.TestRegBusinessAdvisor.canVerifyuserLogin(TestRegBusinessAdvisor.java:151)
at sun.reflect.NativeMethodAccessorImpl.invoke0(Native Method)
at sun.reflect.NativeMethodAccessorImpl.invoke(Unknown Source)
at sun.reflect.DelegatingMethodAccessorImpl.invoke(Unknown Source)
at java.lang.reflect.Method.invoke(Unknown Source)
at org.testng.internal.MethodInvocationHelper.invokeMethod(MethodInvocationHelper.java:124)
at org.testng.internal.Invoker.invokeMethod(Invoker.java:583)
at org.testng.internal.Invoker.invokeTestMethod(Invoker.java:719)
at org.testng.internal.Invoker.invokeTestMethods(Invoker.java:989)
at org.testng.internal.TestMethodWorker.invokeTestMethods(TestMethodWorker.java:125)
at org.testng.internal.TestMethodWorker.run(TestMethodWorker.java:109)
at org.testng.TestRunner.privateRun(TestRunner.java:648)
at org.testng.TestRunner.run(TestRunner.java:505)
at org.testng.SuiteRunner.runTest(SuiteRunner.java:455)
at org.testng.SuiteRunner.runSequentially(SuiteRunner.java:450)
at org.testng.SuiteRunner.privateRun(SuiteRunner.java:415)
at org.testng.SuiteRunner.run(SuiteRunner.java:364)
at org.testng.SuiteRunnerWorker.runSuite(SuiteRunnerWorker.java:52)
at org.testng.SuiteRunnerWorker.run(SuiteRunnerWorker.java:84)
at org.testng.TestNG.runSuitesSequentially(TestNG.java:1208)
at org.testng.TestNG.runSuitesLocally(TestNG.java:1137)
at org.testng.TestNG.runSuites(TestNG.java:1049)
at org.testng.TestNG.run(TestNG.java:1017)
at org.testng.remote.AbstractRemoteTestNG.run(AbstractRemoteTestNG.java:114)
at org.testng.remote.RemoteTestNG.initAndRun(RemoteTestNG.java:251)
at org.testng.remote.RemoteTestNG.main(RemoteTestNG.java:77)
]]>
    </failure>
  </testcase> <!-- canVerifyuserLogin -->
  <testcase name="canuserlogOut" time="5.063" classname="com.hAIbooks.qa.TestPages.TestRegBusinessAdvisor"/>
</testsuite> <!-- com.hAIbooks.qa.TestPages.TestRegBusinessAdvisor -->
