<?xml version="1.0" encoding="UTF-8"?>
<!-- Generated by org.testng.reporters.JUnitReportReporter -->
<testsuite hostname="DESKTOP-Q5KEB7N" name="com.hAIbooks.qa.TestPages.TestCreatingBusiness" tests="19" failures="0" timestamp="27 May 2019 09:01:37 GMT" time="83.577" errors="0">
  <testcase name="MyBusinessClickTest" time="8.852" classname="com.hAIbooks.qa.TestPages.TestCreatingBusiness"/>
  <testcase name="addAccountDate" time="1.845" classname="com.hAIbooks.qa.TestPages.TestCreatingBusiness"/>
  <testcase name="getPostCodeCountry" time="5.315" classname="com.hAIbooks.qa.TestPages.TestCreatingBusiness"/>
  <testcase name="canVerifyContentOne" time="0.074" classname="com.hAIbooks.qa.TestPages.TestCreatingBusiness"/>
  <testcase name="validationMessageBusinessName" time="0.050" classname="com.hAIbooks.qa.TestPages.TestCreatingBusiness"/>
  <testcase name="addBusinessName" time="0.268" classname="com.hAIbooks.qa.TestPages.TestCreatingBusiness"/>
  <testcase name="ProfileIconClickTest" time="5.212" classname="com.hAIbooks.qa.TestPages.TestCreatingBusiness"/>
  <testcase name="validationFinancialYearEnd" time="0.041" classname="com.hAIbooks.qa.TestPages.TestCreatingBusiness"/>
  <testcase name="clickGetStarted1" time="0.210" classname="com.hAIbooks.qa.TestPages.TestCreatingBusiness"/>
  <testcase name="GetCityRegion" time="5.242" classname="com.hAIbooks.qa.TestPages.TestCreatingBusiness"/>
  <testcase name="getLogin" time="12.093" classname="com.hAIbooks.qa.TestPages.TestCreatingBusiness"/>
  <testcase name="addAccountMadeUpDate" time="6.496" classname="com.hAIbooks.qa.TestPages.TestCreatingBusiness"/>
  <testcase name="clickGetStartedTest" time="7.837" classname="com.hAIbooks.qa.TestPages.TestCreatingBusiness"/>
  <testcase name="validationBusinessStartDate" time="0.037" classname="com.hAIbooks.qa.TestPages.TestCreatingBusiness"/>
  <testcase name="clickIndustry" time="10.297" classname="com.hAIbooks.qa.TestPages.TestCreatingBusiness"/>
  <testcase name="canVerifyContentTwo" time="0.030" classname="com.hAIbooks.qa.TestPages.TestCreatingBusiness"/>
  <testcase name="BuildingNumStreet" time="5.265" classname="com.hAIbooks.qa.TestPages.TestCreatingBusiness"/>
  <testcase name="clickSelectBusinesDropDown" time="5.208" classname="com.hAIbooks.qa.TestPages.TestCreatingBusiness"/>
  <testcase name="AddBusinessClickTest" time="9.205" classname="com.hAIbooks.qa.TestPages.TestCreatingBusiness"/>
</testsuite> <!-- com.hAIbooks.qa.TestPages.TestCreatingBusiness -->
