<?xml version="1.0" encoding="UTF-8"?>
<!-- Generated by org.testng.reporters.JUnitReportReporter -->
<testsuite hostname="DESKTOP-Q5KEB7N" name="com.hAIbooks.qa.TestPages.TestBusinessOwner" tests="22" failures="0" timestamp="27 May 2019 10:14:02 GMT" time="34.532" errors="0">
  <testcase name="ClcikSignUp" time="1.180" classname="com.hAIbooks.qa.TestPages.TestBusinessOwner"/>
  <testcase name="ErrorConfirmPasswordTest" time="0.057" classname="com.hAIbooks.qa.TestPages.TestBusinessOwner"/>
  <testcase name="ToVerifyColorOfNextButtonTest" time="0.040" classname="com.hAIbooks.qa.TestPages.TestBusinessOwner"/>
  <testcase name="ErrorMessagePhoneNumTest" time="0.051" classname="com.hAIbooks.qa.TestPages.TestBusinessOwner"/>
  <testcase name="ErrorCreatePasswordTest" time="0.036" classname="com.hAIbooks.qa.TestPages.TestBusinessOwner"/>
  <testcase name="ToverifyTextIsPresentTest" time="0.053" classname="com.hAIbooks.qa.TestPages.TestBusinessOwner"/>
  <testcase name="ErrorMessageFirstNameTest" time="0.060" classname="com.hAIbooks.qa.TestPages.TestBusinessOwner"/>
  <testcase name="ClearSignUpPageTest" time="5.197" classname="com.hAIbooks.qa.TestPages.TestBusinessOwner"/>
  <testcase name="ClcikNextButtonTest" time="5.092" classname="com.hAIbooks.qa.TestPages.TestBusinessOwner"/>
  <testcase name="MinimumCharacterValidationPassworsTest" time="0.280" classname="com.hAIbooks.qa.TestPages.TestBusinessOwner"/>
  <testcase name="ToReVerifyTextIsPresent" time="5.026" classname="com.hAIbooks.qa.TestPages.TestBusinessOwner"/>
  <testcase name="CharacterLimitationFirstNameTest" time="0.443" classname="com.hAIbooks.qa.TestPages.TestBusinessOwner"/>
  <testcase name="CharacterLimitationLastNameTest" time="0.351" classname="com.hAIbooks.qa.TestPages.TestBusinessOwner"/>
  <testcase name="ToverifyContentTest" time="5.059" classname="com.hAIbooks.qa.TestPages.TestBusinessOwner"/>
  <testcase name="ErrorMessageEmailIDTest" time="0.040" classname="com.hAIbooks.qa.TestPages.TestBusinessOwner"/>
  <testcase name="ErrorMessageLastNameTest" time="0.046" classname="com.hAIbooks.qa.TestPages.TestBusinessOwner"/>
  <testcase name="ReClickNextButtonTest" time="0.088" classname="com.hAIbooks.qa.TestPages.TestBusinessOwner"/>
  <testcase name="ColorNextButtonTest" time="10.067" classname="com.hAIbooks.qa.TestPages.TestBusinessOwner"/>
  <testcase name="MaximumCharacterValidationPaaswordTest" time="0.969" classname="com.hAIbooks.qa.TestPages.TestBusinessOwner"/>
  <testcase name="ClickBusinessOwnerTest" time="0.084" classname="com.hAIbooks.qa.TestPages.TestBusinessOwner"/>
  <testcase name="ClickGetStartedTest" time="0.082" classname="com.hAIbooks.qa.TestPages.TestBusinessOwner"/>
  <testcase name="PhoneNumberValidationTest" time="0.231" classname="com.hAIbooks.qa.TestPages.TestBusinessOwner"/>
</testsuite> <!-- com.hAIbooks.qa.TestPages.TestBusinessOwner -->
