<?xml version="1.0" encoding="UTF-8"?>
<!-- Generated by org.testng.reporters.JUnitReportReporter -->
<testsuite hostname="DESKTOP-Q5KEB7N" name="com.hAIbooks.qa.TestPages.TestRegBusinessOwner" tests="10" failures="0" timestamp="27 May 2019 10:12:04 GMT" time="37.998" errors="1">
  <testcase name="tickCheckbox" time="5.102" classname="com.hAIbooks.qa.TestPages.TestRegBusinessOwner"/>
  <testcase name="canClickTryFree" time="1.942" classname="com.hAIbooks.qa.TestPages.TestRegBusinessOwner"/>
  <testcase name="openNewTab" time="19.015" classname="com.hAIbooks.qa.TestPages.TestRegBusinessOwner">
    <error type="org.sikuli.script.FindFailed" message="D:/AnshuProject/FinalHaibooks/hAIbooks/SikuliImages/Acc.PNG: (173x96) in S(0)[0,0 1366x768] E:Y, T:3.0">
      <![CDATA[FindFailed: D:/AnshuProject/FinalHaibooks/hAIbooks/SikuliImages/Acc.PNG: (173x96) in S(0)[0,0 1366x768] E:Y, T:3.0
  Line 2761, in file Region.java

	at org.sikuli.script.Region.wait(Region.java:2761)
	at org.sikuli.script.Region.find(Region.java:2326)
	at org.sikuli.script.Region.getLocationFromTarget(Region.java:3220)
	at org.sikuli.script.Region.click(Region.java:3718)
	at org.sikuli.script.Region.click(Region.java:3703)
	at com.hAIbooks.qa.Sikuli.Sikuli.Activation(Sikuli.java:16)
	at com.hAIbooks.qa.TestPages.TestRegBusinessOwner.openNewTab(TestRegBusinessOwner.java:128)
	at sun.reflect.NativeMethodAccessorImpl.invoke0(Native Method)
	at sun.reflect.NativeMethodAccessorImpl.invoke(Unknown Source)
	at sun.reflect.DelegatingMethodAccessorImpl.invoke(Unknown Source)
	at java.lang.reflect.Method.invoke(Unknown Source)
	at org.testng.internal.MethodInvocationHelper.invokeMethod(MethodInvocationHelper.java:86)
	at org.testng.internal.Invoker.invokeMethod(Invoker.java:645)
	at org.testng.internal.Invoker.invokeTestMethod(Invoker.java:822)
	at org.testng.internal.Invoker.invokeTestMethods(Invoker.java:1130)
	at org.testng.internal.TestMethodWorker.invokeTestMethods(TestMethodWorker.java:129)
	at org.testng.internal.TestMethodWorker.run(TestMethodWorker.java:112)
	at org.testng.TestRunner.privateRun(TestRunner.java:782)
	at org.testng.TestRunner.run(TestRunner.java:632)
	at org.testng.SuiteRunner.runTest(SuiteRunner.java:366)
	at org.testng.SuiteRunner.runSequentially(SuiteRunner.java:361)
	at org.testng.SuiteRunner.privateRun(SuiteRunner.java:319)
	at org.testng.SuiteRunner.run(SuiteRunner.java:268)
	at org.testng.SuiteRunnerWorker.runSuite(SuiteRunnerWorker.java:52)
	at org.testng.SuiteRunnerWorker.run(SuiteRunnerWorker.java:86)
	at org.testng.TestNG.runSuitesSequentially(TestNG.java:1244)
	at org.testng.TestNG.runSuitesLocally(TestNG.java:1169)
	at org.testng.TestNG.run(TestNG.java:1064)
	at org.testng.remote.RemoteTestNG.run(RemoteTestNG.java:113)
	at org.testng.remote.RemoteTestNG.initAndRun(RemoteTestNG.java:206)
	at org.testng.remote.RemoteTestNG.main(RemoteTestNG.java:177)
]]>
    </error>
  </testcase> <!-- openNewTab -->
  <testcase name="canClickNestButton" time="0.086" classname="com.hAIbooks.qa.TestPages.TestRegBusinessOwner"/>
  <testcase name="canSetPassword" time="0.219" classname="com.hAIbooks.qa.TestPages.TestRegBusinessOwner"/>
  <testcase name="canSubmitForm" time="5.120" classname="com.hAIbooks.qa.TestPages.TestRegBusinessOwner"/>
  <testcase name="canGetFristNameAndLastName" time="0.387" classname="com.hAIbooks.qa.TestPages.TestRegBusinessOwner"/>
  <testcase name="canClickBusinessAdvisiorIcon" time="0.234" classname="com.hAIbooks.qa.TestPages.TestRegBusinessOwner"/>
  <testcase name="canGetEmailAndPhone" time="0.358" classname="com.hAIbooks.qa.TestPages.TestRegBusinessOwner"/>
  <testcase name="emailVerificationPage" time="5.535" classname="com.hAIbooks.qa.TestPages.TestRegBusinessOwner"/>
</testsuite> <!-- com.hAIbooks.qa.TestPages.TestRegBusinessOwner -->
