<?xml version="1.0" encoding="UTF-8"?>
<!-- Generated by org.testng.reporters.JUnitReportReporter -->
<testsuite hostname="DESKTOP-Q5KEB7N" name="com.hAIbooks.qa.TestPages.TestBusinessAdvisor" tests="22" failures="0" timestamp="27 May 2019 08:51:38 GMT" time="34.402" errors="0">
  <testcase name="ReVerifyColorOfNextButton" time="0.032" classname="com.hAIbooks.qa.TestPages.TestBusinessAdvisor"/>
  <testcase name="ErrorMessageEmailIDTest" time="0.035" classname="com.hAIbooks.qa.TestPages.TestBusinessAdvisor"/>
  <testcase name="MinimumCharacterValidationPassworsTest" time="0.249" classname="com.hAIbooks.qa.TestPages.TestBusinessAdvisor"/>
  <testcase name="VerifyContent" time="5.066" classname="com.hAIbooks.qa.TestPages.TestBusinessAdvisor"/>
  <testcase name="CharacterLimitationFirstNameTest" time="0.394" classname="com.hAIbooks.qa.TestPages.TestBusinessAdvisor"/>
  <testcase name="ErrorConfirmPasswordTest" time="0.037" classname="com.hAIbooks.qa.TestPages.TestBusinessAdvisor"/>
  <testcase name="CanGoToBusinessOwner" time="0.082" classname="com.hAIbooks.qa.TestPages.TestBusinessAdvisor"/>
  <testcase name="ReClickNextButtonTest" time="0.087" classname="com.hAIbooks.qa.TestPages.TestBusinessAdvisor"/>
  <testcase name="CharacterLimitationLastNameTest" time="0.318" classname="com.hAIbooks.qa.TestPages.TestBusinessAdvisor"/>
  <testcase name="MaximumCharacterValidationPaaswordTest" time="0.866" classname="com.hAIbooks.qa.TestPages.TestBusinessAdvisor"/>
  <testcase name="ReVerifyTextIsPresent" time="5.023" classname="com.hAIbooks.qa.TestPages.TestBusinessAdvisor"/>
  <testcase name="ErrorCreatePasswordTest" time="0.035" classname="com.hAIbooks.qa.TestPages.TestBusinessAdvisor"/>
  <testcase name="VerifyTextIsPresent" time="0.063" classname="com.hAIbooks.qa.TestPages.TestBusinessAdvisor"/>
  <testcase name="ErrorMessagePhoneNumTest" time="0.038" classname="com.hAIbooks.qa.TestPages.TestBusinessAdvisor"/>
  <testcase name="ErrorMessageLastNameTest" time="0.037" classname="com.hAIbooks.qa.TestPages.TestBusinessAdvisor"/>
  <testcase name="PhoneNumberValidationTest" time="0.223" classname="com.hAIbooks.qa.TestPages.TestBusinessAdvisor"/>
  <testcase name="ClearSignUpPageTest" time="5.174" classname="com.hAIbooks.qa.TestPages.TestBusinessAdvisor"/>
  <testcase name="ClickGetStartedTest" time="0.117" classname="com.hAIbooks.qa.TestPages.TestBusinessAdvisor"/>
  <testcase name="CanGoToNextButton" time="5.117" classname="com.hAIbooks.qa.TestPages.TestBusinessAdvisor"/>
  <testcase name="VerifyColorNextButton" time="10.061" classname="com.hAIbooks.qa.TestPages.TestBusinessAdvisor"/>
  <testcase name="CanGtoSignup" time="1.293" classname="com.hAIbooks.qa.TestPages.TestBusinessAdvisor"/>
  <testcase name="ErrorMessageFirstNameTest" time="0.055" classname="com.hAIbooks.qa.TestPages.TestBusinessAdvisor"/>
</testsuite> <!-- com.hAIbooks.qa.TestPages.TestBusinessAdvisor -->
